<?xml version="1.0" encoding="UTF-8"?>
<!-- Generated by org.testng.reporters.JUnitReportReporter -->
<testsuite skipped="0" hostname="SINC02R10VHG8WM" name="HComTest.FetchHotels" tests="2" failures="0" timestamp="15 Sep 2019 11:43:22 GMT" time="265.480" errors="0">
  <testcase name="fetchCostlyHotels" time="161.547" classname="HComTest.FetchHotels"/>
  <testcase name="fetchCostlyHotels" time="103.933" classname="HComTest.FetchHotels"/>
</testsuite> <!-- HComTest.FetchHotels -->
